<?xml version="1.0" encoding="UTF-8"?>
<!-- Generated by org.testng.reporters.JUnitXMLReporter -->
<testsuite hostname="LAPTOP-COQHVDGR" ignored="0" name="Default test" tests="15" failures="0" timestamp="24 May 2021 11:02:02 GMT" time="7.467" errors="0">
  <testcase name="verifyUrl" time="0.045" classname="com.jbk.test.LoginTest"/>
  <testcase name="verifyTitle" time="0.035" classname="com.jbk.test.LoginTest"/>
  <testcase name="verifyLogo" time="0.094" classname="com.jbk.test.LoginTest"/>
  <testcase name="verifyMainHeading" time="0.06" classname="com.jbk.test.LoginTest"/>
  <testcase name="verifySubHeading" time="0.061" classname="com.jbk.test.LoginTest"/>
  <testcase name="verifySignInBoxHeading" time="0.057" classname="com.jbk.test.LoginTest"/>
  <testcase name="verifyPlaceholders" time="0.096" classname="com.jbk.test.LoginTest"/>
  <testcase name="verifyValidLogIn" time="2.248" classname="com.jbk.test.LoginTest"/>
  <testcase name="verifyLogoutSuccessfullyMessage" time="0.07" classname="com.jbk.test.LoginTest"/>
  <testcase name="verifyInvalidLogIn" time="0.307" classname="com.jbk.test.LoginTest"/>
  <testcase name="verifyInvalidLogInErrorMessage" time="0.08" classname="com.jbk.test.LoginTest"/>
  <testcase name="verifyBlankLogInErrorMessage" time="0.192" classname="com.jbk.test.LoginTest"/>
  <testcase name="verifyRegisterLinkText" time="0.043" classname="com.jbk.test.LoginTest"/>
  <testcase name="verifyRegisterLink" time="0.402" classname="com.jbk.test.LoginTest"/>
  <testcase name="loginWithAlldata" time="3.578" classname="com.jbk.test.LoginTest"/>
</testsuite> <!-- Default test -->
