<?xml version="1.0" encoding="UTF-8"?>
<!-- Generated by org.testng.reporters.JUnitXMLReporter -->
<testsuite hostname="LAPTOP-COQHVDGR" ignored="0" name="Default test" tests="23" failures="0" timestamp="20 May 2021 05:38:05 GMT" time="0.07" errors="0">
  <testcase name="@BeforeSuite OpenBrowser" time="2.059" classname="com.jbk.test.DashboardTest">
    <failure type="java.lang.NullPointerException">
      <![CDATA[java.lang.NullPointerException
at com.jbk.test.DashboardTest.OpenBrowser(DashboardTest.java:26)
at sun.reflect.NativeMethodAccessorImpl.invoke0(Native Method)
at sun.reflect.NativeMethodAccessorImpl.invoke(Unknown Source)
at sun.reflect.DelegatingMethodAccessorImpl.invoke(Unknown Source)
at java.lang.reflect.Method.invoke(Unknown Source)
at org.testng.internal.MethodInvocationHelper.invokeMethod(MethodInvocationHelper.java:124)
at org.testng.internal.MethodInvocationHelper.invokeMethodConsideringTimeout(MethodInvocationHelper.java:59)
at org.testng.internal.Invoker.invokeConfigurationMethod(Invoker.java:458)
at org.testng.internal.Invoker.invokeConfigurations(Invoker.java:222)
at org.testng.internal.Invoker.invokeConfigurations(Invoker.java:142)
at org.testng.SuiteRunner.privateRun(SuiteRunner.java:401)
at org.testng.SuiteRunner.run(SuiteRunner.java:364)
at org.testng.SuiteRunnerWorker.runSuite(SuiteRunnerWorker.java:52)
at org.testng.SuiteRunnerWorker.run(SuiteRunnerWorker.java:84)
at org.testng.TestNG.runSuitesSequentially(TestNG.java:1208)
at org.testng.TestNG.runSuitesLocally(TestNG.java:1137)
at org.testng.TestNG.runSuites(TestNG.java:1049)
at org.testng.TestNG.run(TestNG.java:1017)
at org.testng.remote.AbstractRemoteTestNG.run(AbstractRemoteTestNG.java:132)
at org.testng.remote.RemoteTestNG.initAndRun(RemoteTestNG.java:236)
at org.testng.remote.RemoteTestNG.main(RemoteTestNG.java:81)
]]>
    </failure>
  </testcase> <!-- @BeforeSuite OpenBrowser -->
  <testcase name="verifyUrl" time="0.0" classname="com.jbk.test.DashboardTest">
    <skipped/>
  </testcase> <!-- verifyUrl -->
  <testcase name="verifyTitle" time="0.0" classname="com.jbk.test.DashboardTest">
    <skipped/>
  </testcase> <!-- verifyTitle -->
  <testcase name="verifyCornerHeading" time="0.0" classname="com.jbk.test.DashboardTest">
    <skipped/>
  </testcase> <!-- verifyCornerHeading -->
  <testcase name="verifyMainHeading" time="0.0" classname="com.jbk.test.DashboardTest">
    <skipped/>
  </testcase> <!-- verifyMainHeading -->
  <testcase name="verifyUserImage" time="0.0" classname="com.jbk.test.DashboardTest">
    <skipped/>
  </testcase> <!-- verifyUserImage -->
  <testcase name="verifyUserName" time="0.0" classname="com.jbk.test.DashboardTest">
    <skipped/>
  </testcase> <!-- verifyUserName -->
  <testcase name="verifyUserStatus" time="0.0" classname="com.jbk.test.DashboardTest">
    <skipped/>
  </testcase> <!-- verifyUserStatus -->
  <testcase name="verifynavigationMenuText" time="0.0" classname="com.jbk.test.DashboardTest">
    <skipped/>
  </testcase> <!-- verifynavigationMenuText -->
  <testcase name="verifyUsersMenu" time="0.0" classname="com.jbk.test.DashboardTest">
    <skipped/>
  </testcase> <!-- verifyUsersMenu -->
  <testcase name="verifyOperatorsMenu" time="0.0" classname="com.jbk.test.DashboardTest">
    <skipped/>
  </testcase> <!-- verifyOperatorsMenu -->
  <testcase name="verifyUsefulLinksMenu" time="0.0" classname="com.jbk.test.DashboardTest">
    <skipped/>
  </testcase> <!-- verifyUsefulLinksMenu -->
  <testcase name="verifyDownloadsMenu" time="0.0" classname="com.jbk.test.DashboardTest">
    <skipped/>
  </testcase> <!-- verifyDownloadsMenu -->
  <testcase name="verifyLeftCornerLogOutMenu" time="0.0" classname="com.jbk.test.DashboardTest">
    <skipped/>
  </testcase> <!-- verifyLeftCornerLogOutMenu -->
  <testcase name="verifyRightCornerLogOutLink" time="0.0" classname="com.jbk.test.DashboardTest">
    <skipped/>
  </testcase> <!-- verifyRightCornerLogOutLink -->
  <testcase name="verifyCoursesHeading" time="0.0" classname="com.jbk.test.DashboardTest">
    <skipped/>
  </testcase> <!-- verifyCoursesHeading -->
  <testcase name="verifyCoursesSubHeading" time="0.0" classname="com.jbk.test.DashboardTest">
    <skipped/>
  </testcase> <!-- verifyCoursesSubHeading -->
  <testcase name="verifyCoursesMoreInfo" time="0.0" classname="com.jbk.test.DashboardTest">
    <skipped/>
  </testcase> <!-- verifyCoursesMoreInfo -->
  <testcase name="verifyMoreInfoNewWindow" time="0.0" classname="com.jbk.test.DashboardTest">
    <skipped/>
  </testcase> <!-- verifyMoreInfoNewWindow -->
  <testcase name="verifyFooterStatement" time="0.0" classname="com.jbk.test.DashboardTest">
    <skipped/>
  </testcase> <!-- verifyFooterStatement -->
  <testcase name="verifyJBK_Link" time="0.0" classname="com.jbk.test.DashboardTest">
    <skipped/>
  </testcase> <!-- verifyJBK_Link -->
  <testcase name="verifySequence" time="0.0" classname="com.jbk.test.DashboardTest">
    <skipped/>
  </testcase> <!-- verifySequence -->
  <testcase name="verifyCourseHeading" time="0.0" classname="com.jbk.test.DashboardTest">
    <skipped/>
  </testcase> <!-- verifyCourseHeading -->
  <testcase name="verifyCourseSubHeading" time="0.0" classname="com.jbk.test.DashboardTest">
    <skipped/>
  </testcase> <!-- verifyCourseSubHeading -->
</testsuite> <!-- Default test -->
