<?xml version="1.0" encoding="UTF-8"?>
<!-- Generated by org.testng.reporters.JUnitXMLReporter -->
<testsuite hostname="LAPTOP-COQHVDGR" ignored="0" name="Test" tests="9" failures="0" timestamp="21 May 2021 06:32:44 GMT" time="37.653" errors="0">
  <testcase name="verifyClickGO" time="19.88" classname="com.jbk.test.UsefulLinksTest"/>
  <testcase name="verifyUrl" time="0.011" classname="com.jbk.test.RegisterTest"/>
  <testcase name="verifyUrl" time="0.017" classname="com.jbk.test.DashboardTest"/>
  <testcase name="verifyUrl" time="0.021" classname="com.jbk.test.LoginTest"/>
  <testcase name="verifycontactNoLength" time="0.376" classname="com.jbk.test.OperatorsTest"/>
  <testcase name="verifyOperatingSystem_32bit" time="0.497" classname="com.jbk.test.DownloadsTest"/>
  <testcase name="verifyHeadingsAl" time="0.227" classname="com.jbk.test.UsersTest"/>
  <testcase name="verifyPrintingDragDownOptions" time="0.233" classname="com.jbk.test.AddUserTest"/>
  <testcase name="verifyClickGoExcel" time="16.258" classname="com.jbk.test.UsefulLinksTest"/>
</testsuite> <!-- Test -->
