<?xml version="1.0" encoding="UTF-8"?>
<!-- Generated by org.testng.reporters.JUnitXMLReporter -->
<testsuite hostname="LAPTOP-COQHVDGR" ignored="0" name="Test" tests="9" failures="0" timestamp="14 May 2021 13:40:23 GMT" time="65.696" errors="0">
  <testcase name="verifyClickGO" time="31.662" classname="com.jbk.test.UsefulLinksTest"/>
  <testcase name="verifyUrl" time="0.022" classname="com.jbk.test.RegisterTest"/>
  <testcase name="verifyUrl" time="0.017" classname="com.jbk.test.DashboardTest"/>
  <testcase name="verifyUrl" time="0.015" classname="com.jbk.test.LoginTest"/>
  <testcase name="verifycontactNoLength" time="0.361" classname="com.jbk.test.OperatorsTest"/>
  <testcase name="verifyOperatingSystem_32bit" time="0.366" classname="com.jbk.test.DownloadsTest"/>
  <testcase name="verifyHeadingsAl" time="0.228" classname="com.jbk.test.UsersTest"/>
  <testcase name="verifyPrintingDragDownOptions" time="0.319" classname="com.jbk.test.AddUserTest"/>
  <testcase name="verifyClickGoExcel" time="32.592" classname="com.jbk.test.UsefulLinksTest"/>
</testsuite> <!-- Test -->
