<?xml version="1.0" encoding="UTF-8"?>
<testng-results skipped="0" failed="1" ignored="9" total="10" passed="0">
  <reporter-output>
  </reporter-output>
  <suite name="Default suite" duration-ms="29" started-at="2021-05-26T19:22:33Z" finished-at="2021-05-26T19:22:33Z">
    <groups>
    </groups>
    <test name="Default test" duration-ms="29" started-at="2021-05-26T19:22:33Z" finished-at="2021-05-26T19:22:33Z">
      <class name="com.jbk.test.UsersTest">
        <test-method status="PASS" signature="OpenBrowser()[pri:0, instance:com.jbk.test.UsersTest@57fffcd7]" name="OpenBrowser" is-config="true" duration-ms="4389" started-at="2021-05-26T19:22:29Z" finished-at="2021-05-26T19:22:33Z">
          <reporter-output>
          </reporter-output>
        </test-method> <!-- OpenBrowser -->
        <test-method status="FAIL" signature="verifyHeadingsAl()[pri:1, instance:com.jbk.test.UsersTest@57fffcd7]" name="verifyHeadingsAl" duration-ms="3" started-at="2021-05-26T19:22:33Z" finished-at="2021-05-26T19:22:33Z">
          <exception class="java.lang.Error">
            <message>
              <![CDATA[Unresolved compilation problem: 
testLog cannot be resolved to a variable
]]>
            </message>
            <full-stacktrace>
              <![CDATA[java.lang.Error: Unresolved compilation problem: 
testLog cannot be resolved to a variable

at com.jbk.test.UsersTest.verifyHeadingsAl(UsersTest.java:31)
at sun.reflect.NativeMethodAccessorImpl.invoke0(Native Method)
at sun.reflect.NativeMethodAccessorImpl.invoke(Unknown Source)
at sun.reflect.DelegatingMethodAccessorImpl.invoke(Unknown Source)
at java.lang.reflect.Method.invoke(Unknown Source)
at org.testng.internal.MethodInvocationHelper.invokeMethod(MethodInvocationHelper.java:124)
at org.testng.internal.Invoker.invokeMethod(Invoker.java:583)
at org.testng.internal.Invoker.invokeTestMethod(Invoker.java:719)
at org.testng.internal.Invoker.invokeTestMethods(Invoker.java:989)
at org.testng.internal.TestMethodWorker.invokeTestMethods(TestMethodWorker.java:125)
at org.testng.internal.TestMethodWorker.run(TestMethodWorker.java:109)
at org.testng.TestRunner.privateRun(TestRunner.java:648)
at org.testng.TestRunner.run(TestRunner.java:505)
at org.testng.SuiteRunner.runTest(SuiteRunner.java:455)
at org.testng.SuiteRunner.runSequentially(SuiteRunner.java:450)
at org.testng.SuiteRunner.privateRun(SuiteRunner.java:415)
at org.testng.SuiteRunner.run(SuiteRunner.java:364)
at org.testng.SuiteRunnerWorker.runSuite(SuiteRunnerWorker.java:52)
at org.testng.SuiteRunnerWorker.run(SuiteRunnerWorker.java:84)
at org.testng.TestNG.runSuitesSequentially(TestNG.java:1208)
at org.testng.TestNG.runSuitesLocally(TestNG.java:1137)
at org.testng.TestNG.runSuites(TestNG.java:1049)
at org.testng.TestNG.run(TestNG.java:1017)
at org.testng.remote.AbstractRemoteTestNG.run(AbstractRemoteTestNG.java:132)
at org.testng.remote.RemoteTestNG.initAndRun(RemoteTestNG.java:236)
at org.testng.remote.RemoteTestNG.main(RemoteTestNG.java:81)
]]>
            </full-stacktrace>
          </exception> <!-- java.lang.Error -->
          <reporter-output>
          </reporter-output>
        </test-method> <!-- verifyHeadingsAl -->
        <test-method status="PASS" signature="CloseBrowser()[pri:0, instance:com.jbk.test.UsersTest@57fffcd7]" name="CloseBrowser" is-config="true" duration-ms="672" started-at="2021-05-26T19:22:33Z" finished-at="2021-05-26T19:22:34Z">
          <reporter-output>
          </reporter-output>
        </test-method> <!-- CloseBrowser -->
      </class> <!-- com.jbk.test.UsersTest -->
    </test> <!-- Default test -->
  </suite> <!-- Default suite -->
</testng-results>
